2025-11-25T20:10:59.273Z INFO SharedStateManager initialized
2025-11-25T20:10:59.275Z INFO Is remote: false
2025-11-25T20:10:59.276Z INFO Starting Local. Installation path: c:\Users\sobra\Downloads
2025-11-25T20:10:59.277Z INFO [MainProvider] Creating new MainProvider instance...
2025-11-25T20:10:59.279Z INFO [TabsManager] Code view listener set up at initialization
2025-11-25T20:10:59.280Z INFO Installation path exists: c:\Users\sobra\Downloads
2025-11-25T20:10:59.281Z INFO Initializing database with URL: file:c:\Users\sobra\Downloads\pythagora-core\data\database\pythagora.db
2025-11-25T20:10:59.286Z INFO Database file exists, skipping prisma generate/push for faster startup
2025-11-25T20:10:59.288Z INFO Database initialized successfully
2025-11-25T20:10:59.290Z INFO [Migration] Checking for database migration...
2025-11-25T20:10:59.614Z INFO [Migration] No migration needed
2025-11-25T20:14:40.791Z INFO Closing entire Pythagora extension...
2025-11-25T20:14:40.820Z ERROR Error closing extension
Error: Canceled
Stack: Canceled: Canceled
    at new ij (file:///c:/Users/sobra/AppData/Local/Programs/Microsoft%20VS%20Code/resources/app/out/vs/workbench/api/node/extensionHostProcess.js:29:120021)
    at JS.U (file:///c:/Users/sobra/AppData/Local/Programs/Microsoft%20VS%20Code/resources/app/out/vs/workbench/api/node/extensionHostProcess.js:29:124631)
    at Proxy.s.<computed>.n.charCodeAt.s.<computed> (file:///c:/Users/sobra/AppData/Local/Programs/Microsoft%20VS%20Code/resources/app/out/vs/workbench/api/node/extensionHostProcess.js:29:122125)
    at Zy.g (file:///c:/Users/sobra/AppData/Local/Programs/Microsoft%20VS%20Code/resources/app/out/vs/workbench/api/node/extensionHostProcess.js:114:41133)
    at Zy.executeCommand (file:///c:/Users/sobra/AppData/Local/Programs/Microsoft%20VS%20Code/resources/app/out/vs/workbench/api/node/extensionHostProcess.js:114:40637)
    at Object.executeCommand (file:///c:/Users/sobra/AppData/Local/Programs/Microsoft%20VS%20Code/resources/app/out/vs/workbench/api/node/extensionHostProcess.js:210:101000)
    at closeEntirePythagoraExtension (c:\Users\sobra\.vscode\extensions\pythagoratechnologies.pythagora-vs-code-2.6.7\out\extension.js:560:31)
    at Object.deactivate (c:\Users\sobra\.vscode\extensions\pythagoratechnologies.pythagora-vs-code-2.6.7\out\extension.js:427:15)
    at kX.eb (file:///c:/Users/sobra/AppData/Local/Programs/Microsoft%20VS%20Code/resources/app/out/vs/workbench/api/node/extensionHostProcess.js:118:11850)
    at file:///c:/Users/sobra/AppData/Local/Programs/Microsoft%20VS%20Code/resources/app/out/vs/workbench/api/node/extensionHostProcess.js:118:10000
    at Array.map (<anonymous>)
    at kX.$ (file:///c:/Users/sobra/AppData/Local/Programs/Microsoft%20VS%20Code/resources/app/out/vs/workbench/api/node/extensionHostProcess.js:118:9988)
    at kX.terminate (file:///c:/Users/sobra/AppData/Local/Programs/Microsoft%20VS%20Code/resources/app/out/vs/workbench/api/node/extensionHostProcess.js:118:10231)
    at nN.terminate (file:///c:/Users/sobra/AppData/Local/Programs/Microsoft%20VS%20Code/resources/app/out/vs/workbench/api/node/extensionHostProcess.js:120:914)
    at Fs (file:///c:/Users/sobra/AppData/Local/Programs/Microsoft%20VS%20Code/resources/app/out/vs/workbench/api/node/extensionHostProcess.js:402:10411)
    at MessagePortMain.<anonymous> (file:///c:/Users/sobra/AppData/Local/Programs/Microsoft%20VS%20Code/resources/app/out/vs/workbench/api/node/extensionHostProcess.js:402:6949)
    at MessagePortMain.emit (node:events:519:28)
    at Object.MessagePortMain._internalPort.emit (node:electron/js2c/utility_init:2:2949)
Extra context: {
  "message": "Canceled"
}
